2025-12-03 23:53:39 -05 [1]: [3-1] user= db= LOG:  starting PostgreSQL 15.15 on x86_64-pc-linux-musl, compiled by gcc (Alpine 14.2.0) 14.2.0, 64-bit
2025-12-03 23:53:39 -05 [1]: [4-1] user= db= LOG:  listening on IPv4 address "0.0.0.0", port 5432
2025-12-03 23:53:39 -05 [1]: [5-1] user= db= LOG:  listening on IPv6 address "::", port 5432
2025-12-03 23:53:39 -05 [1]: [6-1] user= db= LOG:  listening on Unix socket "/var/run/postgresql/.s.PGSQL.5432"
2025-12-03 23:53:39 -05 [30]: [1-1] user= db= LOG:  database system was shut down at 2025-12-03 23:53:33 -05
2025-12-03 23:53:39 -05 [1]: [7-1] user= db= LOG:  database system is ready to accept connections
2025-12-03 23:54:23 -05 [43]: [1-1] user=[unknown] db=[unknown] LOG:  connection received: host=172.19.0.5 port=49360
2025-12-03 23:54:23 -05 [43]: [2-1] user=odoo_prod db=postgres LOG:  connection authenticated: identity="odoo_prod" method=scram-sha-256 (/var/lib/postgresql/data/pg_hba.conf:100)
2025-12-03 23:54:23 -05 [43]: [3-1] user=odoo_prod db=postgres LOG:  connection authorized: user=odoo_prod database=postgres application_name=odoo-1
2025-12-03 23:57:50 -05 [64]: [1-1] user=[unknown] db=[unknown] LOG:  connection received: host=[local]
2025-12-03 23:57:50 -05 [64]: [2-1] user=odoo_prod db=fiedev LOG:  connection authorized: user=odoo_prod database=fiedev application_name=psql
2025-12-03 23:57:58 -05 [64]: [3-1] user=odoo_prod db=fiedev LOG:  statement: CREATE EXTENSION pgaudit;
2025-12-03 23:57:58 -05 [64]: [4-1] user=odoo_prod db=fiedev ERROR:  extension "pgaudit" is not available
2025-12-03 23:57:58 -05 [64]: [5-1] user=odoo_prod db=fiedev DETAIL:  Could not open extension control file "/usr/local/share/postgresql/extension/pgaudit.control": No such file or directory.
2025-12-03 23:57:58 -05 [64]: [6-1] user=odoo_prod db=fiedev HINT:  The extension must first be installed on the system where PostgreSQL is running.
2025-12-03 23:57:58 -05 [64]: [7-1] user=odoo_prod db=fiedev STATEMENT:  CREATE EXTENSION pgaudit;
2025-12-03 23:58:39 -05 [28]: [1-1] user= db= LOG:  checkpoint starting: time
2025-12-03 23:58:39 -05 [28]: [2-1] user= db= LOG:  checkpoint complete: wrote 2 buffers (0.0%); 0 WAL file(s) added, 0 removed, 0 recycled; write=0.027 s, sync=0.019 s, total=0.125 s; sync files=3, longest=0.008 s, average=0.007 s; distance=0 kB, estimate=0 kB
2025-12-03 23:59:22 -05 [64]: [8-1] user=odoo_prod db=fiedev LOG:  statement: ALTER SYSTEM SET logging_collector = 'on';
2025-12-03 23:59:22 -05 [64]: [9-1] user=odoo_prod db=fiedev LOG:  statement: ALTER SYSTEM SET log_connections = 'on';
2025-12-03 23:59:22 -05 [64]: [10-1] user=odoo_prod db=fiedev LOG:  statement: ALTER SYSTEM SET log_disconnections = 'on';
2025-12-03 23:59:22 -05 [64]: [11-1] user=odoo_prod db=fiedev LOG:  statement: ALTER SYSTEM SET log_statement = 'mod';
2025-12-03 23:59:23 -05 [64]: [12-1] user=odoo_prod db=fiedev LOG:  statement: ALTER SYSTEM SET log_line_prefix = '%t [%p] user=%u db=%d ';
2025-12-03 23:59:32 -05 [1]: [8-1] user= db= LOG:  received SIGHUP, reloading configuration files
2025-12-03 23:59:32 -05 [1]: [9-1] user= db= LOG:  parameter "log_statement" changed to "mod"
2025-12-03 23:59:32 -05 [1] user= db= LOG:  parameter "log_line_prefix" changed to "%t [%p] user=%u db=%d "
