{"__type":"$$EventMessageAudit","id":"33b3a3cd-a683-401d-a981-96add39a519b","ts":"2025-12-03T21:33:34.464-05:00","eventName":"n8n.audit.workflow.created","message":"n8n.audit.workflow.created","payload":{"userId":"9e4129dc-fdac-477d-aa6a-d3e68748c816","_email":"bi.fie.espoch@gmail.com","_firstName":"bi espoch","_lastName":"bi espoch","globalRole":"global:owner","workflowId":"FuprJX331auloYEC","workflowName":"My workflow"}}
{"__type":"$$EventMessageConfirm","confirm":"33b3a3cd-a683-401d-a981-96add39a519b","ts":"2025-12-03T21:33:34.504-05:00","source":{"id":"0","name":"eventBus"}}
{"__type":"$$EventMessageAudit","id":"7f217f93-1e69-4a13-bdd8-820f54915a62","ts":"2025-12-03T21:34:45.600-05:00","eventName":"n8n.audit.workflow.updated","message":"n8n.audit.workflow.updated","payload":{"userId":"9e4129dc-fdac-477d-aa6a-d3e68748c816","_email":"bi.fie.espoch@gmail.com","_firstName":"bi espoch","_lastName":"bi espoch","globalRole":"global:owner","workflowId":"FuprJX331auloYEC","workflowName":"My workflow"}}
{"__type":"$$EventMessageConfirm","confirm":"7f217f93-1e69-4a13-bdd8-820f54915a62","ts":"2025-12-03T21:34:45.600-05:00","source":{"id":"0","name":"eventBus"}}
{"__type":"$$EventMessageAudit","id":"f6e76973-dc73-448d-86b2-c72fae1a7b11","ts":"2025-12-03T21:34:53.818-05:00","eventName":"n8n.audit.workflow.updated","message":"n8n.audit.workflow.updated","payload":{"userId":"9e4129dc-fdac-477d-aa6a-d3e68748c816","_email":"bi.fie.espoch@gmail.com","_firstName":"bi espoch","_lastName":"bi espoch","globalRole":"global:owner","workflowId":"FuprJX331auloYEC","workflowName":"My workflow"}}
{"__type":"$$EventMessageConfirm","confirm":"f6e76973-dc73-448d-86b2-c72fae1a7b11","ts":"2025-12-03T21:34:53.818-05:00","source":{"id":"0","name":"eventBus"}}
{"__type":"$$EventMessageAudit","id":"fae87ad1-08e5-45b3-8704-7ea4917e8d37","ts":"2025-12-03T21:35:00.111-05:00","eventName":"n8n.audit.workflow.updated","message":"n8n.audit.workflow.updated","payload":{"userId":"9e4129dc-fdac-477d-aa6a-d3e68748c816","_email":"bi.fie.espoch@gmail.com","_firstName":"bi espoch","_lastName":"bi espoch","globalRole":"global:owner","workflowId":"FuprJX331auloYEC","workflowName":"My workflow"}}
{"__type":"$$EventMessageConfirm","confirm":"fae87ad1-08e5-45b3-8704-7ea4917e8d37","ts":"2025-12-03T21:35:00.111-05:00","source":{"id":"0","name":"eventBus"}}
{"__type":"$$EventMessageAudit","id":"8bd9e5f1-6018-4098-99c3-8f7487bfe579","ts":"2025-12-03T21:35:22.084-05:00","eventName":"n8n.audit.workflow.updated","message":"n8n.audit.workflow.updated","payload":{"userId":"9e4129dc-fdac-477d-aa6a-d3e68748c816","_email":"bi.fie.espoch@gmail.com","_firstName":"bi espoch","_lastName":"bi espoch","globalRole":"global:owner","workflowId":"FuprJX331auloYEC","workflowName":"My workflow"}}
{"__type":"$$EventMessageConfirm","confirm":"8bd9e5f1-6018-4098-99c3-8f7487bfe579","ts":"2025-12-03T21:35:22.084-05:00","source":{"id":"0","name":"eventBus"}}
{"__type":"$$EventMessageAudit","id":"9702b53e-9640-4f1d-bc2d-d8f424a38faa","ts":"2025-12-03T21:36:19.571-05:00","eventName":"n8n.audit.workflow.updated","message":"n8n.audit.workflow.updated","payload":{"userId":"9e4129dc-fdac-477d-aa6a-d3e68748c816","_email":"bi.fie.espoch@gmail.com","_firstName":"bi espoch","_lastName":"bi espoch","globalRole":"global:owner","workflowId":"FuprJX331auloYEC","workflowName":"My workflow"}}
{"__type":"$$EventMessageConfirm","confirm":"9702b53e-9640-4f1d-bc2d-d8f424a38faa","ts":"2025-12-03T21:36:19.571-05:00","source":{"id":"0","name":"eventBus"}}
{"__type":"$$EventMessageAudit","id":"a53fe706-a490-45b2-b86c-bea8f6f373fd","ts":"2025-12-03T21:36:51.854-05:00","eventName":"n8n.audit.workflow.updated","message":"n8n.audit.workflow.updated","payload":{"userId":"9e4129dc-fdac-477d-aa6a-d3e68748c816","_email":"bi.fie.espoch@gmail.com","_firstName":"bi espoch","_lastName":"bi espoch","globalRole":"global:owner","workflowId":"FuprJX331auloYEC","workflowName":"My workflow"}}
{"__type":"$$EventMessageConfirm","confirm":"a53fe706-a490-45b2-b86c-bea8f6f373fd","ts":"2025-12-03T21:36:51.855-05:00","source":{"id":"0","name":"eventBus"}}
{"__type":"$$EventMessageAudit","id":"b24889af-d385-4c02-bbba-a40554fe8620","ts":"2025-12-03T21:44:01.222-05:00","eventName":"n8n.audit.user.credentials.created","message":"n8n.audit.user.credentials.created","payload":{"userId":"9e4129dc-fdac-477d-aa6a-d3e68748c816","_email":"bi.fie.espoch@gmail.com","_firstName":"bi espoch","_lastName":"bi espoch","globalRole":"global:owner","credentialType":"groqApi","credentialId":"k6wIkBW5MrT6sqPB","publicApi":false,"projectId":"rZiriLLWTJCoGM1S","projectType":"personal"}}
{"__type":"$$EventMessageConfirm","confirm":"b24889af-d385-4c02-bbba-a40554fe8620","ts":"2025-12-03T21:44:01.222-05:00","source":{"id":"0","name":"eventBus"}}
{"__type":"$$EventMessageAudit","id":"d8332e39-b6f8-4f0c-8521-7d4274a3914a","ts":"2025-12-03T21:44:29.610-05:00","eventName":"n8n.audit.workflow.updated","message":"n8n.audit.workflow.updated","payload":{"userId":"9e4129dc-fdac-477d-aa6a-d3e68748c816","_email":"bi.fie.espoch@gmail.com","_firstName":"bi espoch","_lastName":"bi espoch","globalRole":"global:owner","workflowId":"FuprJX331auloYEC","workflowName":"My workflow"}}
{"__type":"$$EventMessageConfirm","confirm":"d8332e39-b6f8-4f0c-8521-7d4274a3914a","ts":"2025-12-03T21:44:29.612-05:00","source":{"id":"0","name":"eventBus"}}
{"__type":"$$EventMessageAudit","id":"e07d45f8-3412-4fdc-9b25-37441827059a","ts":"2025-12-03T21:44:33.174-05:00","eventName":"n8n.audit.workflow.updated","message":"n8n.audit.workflow.updated","payload":{"userId":"9e4129dc-fdac-477d-aa6a-d3e68748c816","_email":"bi.fie.espoch@gmail.com","_firstName":"bi espoch","_lastName":"bi espoch","globalRole":"global:owner","workflowId":"FuprJX331auloYEC","workflowName":"My workflow"}}
{"__type":"$$EventMessageConfirm","confirm":"e07d45f8-3412-4fdc-9b25-37441827059a","ts":"2025-12-03T21:44:33.174-05:00","source":{"id":"0","name":"eventBus"}}
{"__type":"$$EventMessageAudit","id":"e78a92b1-1de3-459a-99c7-119a330fdb92","ts":"2025-12-03T21:53:19.405-05:00","eventName":"n8n.audit.workflow.updated","message":"n8n.audit.workflow.updated","payload":{"userId":"9e4129dc-fdac-477d-aa6a-d3e68748c816","_email":"bi.fie.espoch@gmail.com","_firstName":"bi espoch","_lastName":"bi espoch","globalRole":"global:owner","workflowId":"FuprJX331auloYEC","workflowName":"My workflow"}}
{"__type":"$$EventMessageConfirm","confirm":"e78a92b1-1de3-459a-99c7-119a330fdb92","ts":"2025-12-03T21:53:19.406-05:00","source":{"id":"0","name":"eventBus"}}
{"__type":"$$EventMessageAudit","id":"46279c18-9592-4377-b154-0831cefc1594","ts":"2025-12-03T21:53:55.152-05:00","eventName":"n8n.audit.workflow.updated","message":"n8n.audit.workflow.updated","payload":{"userId":"9e4129dc-fdac-477d-aa6a-d3e68748c816","_email":"bi.fie.espoch@gmail.com","_firstName":"bi espoch","_lastName":"bi espoch","globalRole":"global:owner","workflowId":"FuprJX331auloYEC","workflowName":"My workflow"}}
{"__type":"$$EventMessageConfirm","confirm":"46279c18-9592-4377-b154-0831cefc1594","ts":"2025-12-03T21:53:55.153-05:00","source":{"id":"0","name":"eventBus"}}
